OK
OK
Data is being read...
OK
4/29/2024 15:50 Data is being read...
OK
4/29/2024 15:56 Data is being read...
OK
4/29/2024 16:40 Server created
OK
4/29/2024 16:46 Server created
4/29/2024 16:46 Server is running
OK
4/30/2024 15:26 Server created
4/30/2024 15:26 Server is running
4/30/2024 15:26 Server is stopped
4/30/2024 15:26 Server is stopped
4/30/2024 15:26 Server deleted
OK
4/30/2024 15:27 Server created
4/30/2024 15:27 Server is running
4/30/2024 15:27 Server is stopped
4/30/2024 15:27 Server is stopped
4/30/2024 15:27 Server deleted
OK
4/30/2024 15:28 Server created
4/30/2024 15:28 Server is running
4/30/2024 15:28 Server is stopped
4/30/2024 15:28 Server deleted
